<html>
<head>
<title>TestNG:  Default test</title>
<link href="../testng.css" rel="stylesheet" type="text/css" />
<link href="../my-testng.css" rel="stylesheet" type="text/css" />

<style type="text/css">
.log { display: none;} 
.stack-trace { display: none;} 
</style>
<script type="text/javascript">
<!--
function flip(e) {
  current = e.style.display;
  if (current == 'block') {
    e.style.display = 'none';
    return 0;
  }
  else {
    e.style.display = 'block';
    return 1;
  }
}

function toggleBox(szDivId, elem, msg1, msg2)
{
  var res = -1;  if (document.getElementById) {
    res = flip(document.getElementById(szDivId));
  }
  else if (document.all) {
    // this is the way old msie versions work
    res = flip(document.all[szDivId]);
  }
  if(elem) {
    if(res == 0) elem.innerHTML = msg1; else elem.innerHTML = msg2;
  }

}

function toggleAllBoxes() {
  if (document.getElementsByTagName) {
    d = document.getElementsByTagName('div');
    for (i = 0; i < d.length; i++) {
      if (d[i].className == 'log') {
        flip(d[i]);
      }
    }
  }
}

// -->
</script>

</head>
<body>
<h2 align='center'>Default test</h2><table border='1' align="center">
<tr>
<td>Tests passed/Failed/Skipped:</td><td>4/1/0</td>
</tr><tr>
<td>Started on:</td><td>Mon May 27 11:26:12 IST 2024</td>
</tr>
<tr><td>Total time:</td><td>27 seconds (27519 ms)</td>
</tr><tr>
<td>Included groups:</td><td></td>
</tr><tr>
<td>Excluded groups:</td><td></td>
</tr>
</table><p/>
<small><i>(Hover the method name to see the test class name)</i></small><p/>
<table width='100%' border='1' class='invocation-failed'>
<tr><td colspan='4' align='center'><b>FAILED TESTS</b></td></tr>
<tr><td><b>Test method</b></td>
<td width="30%"><b>Exception</b></td>
<td width="10%"><b>Time (seconds)</b></td>
<td><b>Instance</b></td>
</tr>
<tr>
<td title='runnerClass.CucumberWebSampleTest.runScenario()'><b>runScenario</b><br>Test class: runnerClass.CucumberWebSampleTest<br>Test method: Runs Cucumber Scenarios<br>Parameters: "Add one quantity from Store", "Optional[Add to cart]"</td>
<td><div><pre>java.lang.AssertionError: expected [Anchor Bracelet] but found [Blue Shoes]
	at org.testng.Assert.fail(Assert.java:99)
	at org.testng.Assert.failNotEquals(Assert.java:1037)
	at org.testng.Assert.assertEqualsImpl(Assert.java:140)
	at org.testng.Assert.assertEquals(Assert.java:122)
	at org.testng.Assert.assertEquals(Assert.java:629)
	at org.testng.Assert.assertEquals(Assert.java:639)
	at com.qapropsoft.carina.demo.gui.pages.desktop.CartPage.getProductNameTxt(CartPage.java:33)
	at com.qapropsoft.carina.demo.gui.pages.desktop.CartPage.productGetTextName(CartPage.java:45)
	at com.qapropsoft.carina.demo.addToCartStep.i_should_see_in_the_cart(addToCartStep.java:34)
	at ✽.I should see 1 &quot;Anchor Bracelet&quot; in the cart(file:///C:/Users/amol.kumbhare/Downloads/CarinaFrameworkAzureLatest14May-main1/CarinaFrameworkAzureLatest14May-main1/src/test/resources/features/add_to_cart.feature:7)
</pre></div><a href='#' onClick='toggleBox("stack-trace1417695703", this, "Click to show all stack frames", "Click to hide stack frames")'>Click to show all stack frames</a>
<div class='stack-trace' id='stack-trace1417695703'><pre>java.lang.AssertionError: expected [Anchor Bracelet] but found [Blue Shoes]
	at org.testng.Assert.fail(Assert.java:99)
	at org.testng.Assert.failNotEquals(Assert.java:1037)
	at org.testng.Assert.assertEqualsImpl(Assert.java:140)
	at org.testng.Assert.assertEquals(Assert.java:122)
	at org.testng.Assert.assertEquals(Assert.java:629)
	at org.testng.Assert.assertEquals(Assert.java:639)
	at com.qapropsoft.carina.demo.gui.pages.desktop.CartPage.getProductNameTxt(CartPage.java:33)
	at com.qapropsoft.carina.demo.gui.pages.desktop.CartPage.productGetTextName(CartPage.java:45)
	at com.qapropsoft.carina.demo.addToCartStep.i_should_see_in_the_cart(addToCartStep.java:34)
	at ✽.I should see 1 &quot;Anchor Bracelet&quot; in the cart(file:///C:/Users/amol.kumbhare/Downloads/CarinaFrameworkAzureLatest14May-main1/CarinaFrameworkAzureLatest14May-main1/src/test/resources/features/add_to_cart.feature:7)
</pre></div></td>
<td>1</td>
<td>runnerClass.CucumberWebSampleTest@15a902e7</td></tr>
</table><p>
<table width='100%' border='1' class='invocation-passed'>
<tr><td colspan='4' align='center'><b>PASSED TESTS</b></td></tr>
<tr><td><b>Test method</b></td>
<td width="30%"><b>Exception</b></td>
<td width="10%"><b>Time (seconds)</b></td>
<td><b>Instance</b></td>
</tr>
<tr>
<td title='runnerClass.CucumberWebSampleTest.runScenario()'><b>runScenario</b><br>Test class: runnerClass.CucumberWebSampleTest<br>Test method: Runs Cucumber Scenarios<br>Parameters: "using default payment option", "Optional[Place an order]"</td>
<td></td>
<td>6</td>
<td>runnerClass.CucumberWebSampleTest@15a902e7</td></tr>
<tr>
<td title='runnerClass.CucumberWebSampleTest.runScenario()'><b>runScenario</b><br>Test class: runnerClass.CucumberWebSampleTest<br>Test method: Runs Cucumber Scenarios<br>Parameters: "I want to verify that the user is created in MySQL", "Optional[DB Test]"</td>
<td></td>
<td>0</td>
<td>runnerClass.CucumberWebSampleTest@15a902e7</td></tr>
<tr>
<td title='runnerClass.CucumberWebSampleTest.runScenario()'><b>runScenario</b><br>Test class: runnerClass.CucumberWebSampleTest<br>Test method: Runs Cucumber Scenarios<br>Parameters: "Perform operations on API like GET,POST,PUT,PATCH,DELETE", "Optional[Verify the get post in the API]"</td>
<td></td>
<td>7</td>
<td>runnerClass.CucumberWebSampleTest@15a902e7</td></tr>
<tr>
<td title='runnerClass.CucumberWebSampleTest.runScenario()'><b>runScenario</b><br>Test class: runnerClass.CucumberWebSampleTest<br>Test method: Runs Cucumber Scenarios<br>Parameters: "Add one quantity from Store", "Optional[Add to cart]"</td>
<td></td>
<td>10</td>
<td>runnerClass.CucumberWebSampleTest@15a902e7</td></tr>
</table><p>
</body>
</html>