<?xml version="1.0" encoding="UTF-8"?>
<!-- Generated by org.testng.reporters.JUnitReportReporter -->
<testsuite hostname="PT076LT" failures="1" tests="5" name="runnerClass.CucumberWebSampleTest" time="26.656" errors="0" timestamp="2024-05-27T11:26:39 IST" skipped="0">
  <testcase classname="runnerClass.CucumberWebSampleTest" name="runScenario" time="6.185"/>
  <system-out/>
  <testcase classname="runnerClass.CucumberWebSampleTest" name="runScenario" time="1.857">
    <failure message="expected [Anchor Bracelet] but found [Blue Shoes]" type="java.lang.AssertionError">
      <![CDATA[java.lang.AssertionError: expected [Anchor Bracelet] but found [Blue Shoes]
at org.testng.Assert.fail(Assert.java:99)
at org.testng.Assert.failNotEquals(Assert.java:1037)
at org.testng.Assert.assertEqualsImpl(Assert.java:140)
at org.testng.Assert.assertEquals(Assert.java:122)
at org.testng.Assert.assertEquals(Assert.java:629)
at org.testng.Assert.assertEquals(Assert.java:639)
at com.qapropsoft.carina.demo.gui.pages.desktop.CartPage.getProductNameTxt(CartPage.java:33)
at com.qapropsoft.carina.demo.gui.pages.desktop.CartPage.productGetTextName(CartPage.java:45)
at com.qapropsoft.carina.demo.addToCartStep.i_should_see_in_the_cart(addToCartStep.java:34)
at âœ½.I should see 1 "Anchor Bracelet" in the cart(file:///C:/Users/amol.kumbhare/Downloads/CarinaFrameworkAzureLatest14May-main1/CarinaFrameworkAzureLatest14May-main1/src/test/resources/features/add_to_cart.feature:7)
]]>
    </failure>
  </testcase> <!-- runScenario -->
  <system-out/>
  <testcase classname="runnerClass.CucumberWebSampleTest" name="runScenario" time="0.645"/>
  <system-out/>
  <testcase classname="runnerClass.CucumberWebSampleTest" name="runScenario" time="7.717"/>
  <system-out/>
  <testcase classname="runnerClass.CucumberWebSampleTest" name="runScenario" time="10.252"/>
  <system-out/>
</testsuite> <!-- runnerClass.CucumberWebSampleTest -->
